1 10 20
100 200 125
201 210 89
900 1000 174
1 1 1
10 1 20
464 234 144
245 345 144
345 3345 217
50 1000 179
1000 900 174
234 234 22
6545 4543 262
234 435 144
123 645 144
124 345 144
543 765 171
2145 2346 183
5432 6534 262
3214 6543 262
4123 3456 238
4231 6453 262
6543 4634 262
4563 4563 153
5653 345 238
43242 5654 324
4423 4645 184
9867 6789 260
8786 7867 252
3245 6543 262
1233 4231 238
4312 3425 238
6453 7546 257
6344 5674 262
5456 6543 262
1239 9321 262
1238 8413 262
4159 8954 262
5432 5234 192
124 5234 238
432 6543 262
1 2 2
3 4 8
5 6 9
7 8 17
9 0 20
11 22 21
22 33 112
33 44 110
44 55 113
55 66 113
66 77 116
77 88 111
88 99 119
111 222 125
222 333 144
333 444 134
444 555 142
555 666 145
666 777 171
777 888 179
888 999 174
1111 2222 182
2222 3333 217
3333 4444 238
4444 5555 210
5555 6666 262
6666 7777 257
7777 8888 252
8888 9999 260
1 22 21
2 33 112
3 44 112
4 55 113
5 66 113
6 77 116
7 88 116
8 99 119
9 88 116
8 77 116
7 66 113
6 55 113
5 44 112
4 33 112
3 22 21
2 11 20
1 11 20
2 22 21
3 33 112
4 44 112
5 55 113
6 66 113
7 77 116
8 88 116
9 99 119
100 300 128
200 400 144
300 500 144
400 600 142
500 700 145
